<beans xmlns="http://www.springframework.org/schema/beans"
	xmlns:mvc="http://www.springframework.org/schema/mvc" xmlns:context="http://www.springframework.org/schema/context"
	xmlns:xsi="http://www.w3.org/2001/XMLSchema-instance"
	xsi:schemaLocation="
        http://www.springframework.org/schema/beans     
        http://www.springframework.org/schema/beans/spring-beans.xsd
        http://www.springframework.org/schema/mvc 
        http://www.springframework.org/schema/mvc/spring-mvc.xsd
        http://www.springframework.org/schema/context 
        http://www.springframework.org/schema/context/spring-context.xsd">
 
	<context:component-scan base-package="it.objectmethod.countrycity.principale" />
 
	<bean id="viewResolver"
		class="org.springframework.web.servlet.view.UrlBasedViewResolver">
		<property name="viewClass"
			value="org.springframework.web.servlet.view.JstlView" />
		<property name="prefix" value="/WEB-INF/jsp/" />
		<property name="suffix" value=".jsp" />
	</bean>
 
 	<!-- QUESTO BEAN NON LO COMMENTO PERCHE DELLE MIE CLASSI HANNO L'ANNOTAZIONE @Autowired SU UN OGGETTO DATASOURCE E DATO CHE NON HO MESSO @Component SU NESSUNO OGGETTO DI TIPO DATASOURCE( hehe, non posso modificare le classi di java. Non sono pazzo), SPRING GUARDA SE CI STA QUALCHE RIFERIMENTO DATASOURCE NEL SUO FILE DI CONFIGURAZIONE XML: OVVERO QUI DENTRO. IL RIFERIMENTO CHE GLI SERVE LO TROVA PROPRIO NEL BEAN RIFERITO QUI SOTTO -->
 	<bean id="ds"
		class="org.springframework.jdbc.datasource.DriverManagerDataSource">
		<property name="driverClassName" value="com.mysql.jdbc.Driver" />
		<property name="url" value="jdbc:mysql://localhost/world" />
		<property name="username" value="root" />
		<property name="password" value="0000" />
	</bean>
	
	<!-- COMMENTO PERCHE' STO USANDO L'INEZIONE TRAMITE ANNOTAZIONE
	<bean id="jdbcTemplate" class="org.springframework.jdbc.core.JdbcTemplate">
		<property name="dataSource" ref="ds"></property>
	</bean>
	-->
	
	<!-- COMMENTO PERCHE' STO USANDO L'INEZIONE TRAMITE ANNOTAZIONE
	<bean id="jtemplate"  class="org.springframework.jdbc.core.namedparam.NamedParameterJdbcTemplate">  
		<constructor-arg ref="ds"></constructor-arg>  
	</bean>  
	-->
	
	<!--  COMMENTO PERCHE' STO USANDO L'INEZIONE TRAMITE ANNOTAZIONE
	<bean id="daoCountry" class="it.objectmethod.countrycity.principale.model.dao.impl.DaoCountryConcreta">
		<property name="dataSource" ref="ds"></property>
	</bean>
	-->
	
	<!-- COMMENTO PERCHE' STO USANDO L'INEZIONE TRAMITE ANNOTAZIONE
	<bean id="daoCity" class="it.objectmethod.countrycity.principale.model.dao.impl.DaoCityConcreta">
		<property name="dataSource" ref="ds"></property>
	</bean> 
	-->
	
</beans>